Determining if the pthread_create exist failed with the following output:
Change Dir: /home/eyal/Desktop/Programming/SPL/System-Programming-Labratory/Assignment-3/Client/cmake-build-debug/CMakeFiles/CMakeTmp

Run Build Command:"/usr/bin/make" "cmTC_b392d/fast"
/usr/bin/make -f CMakeFiles/cmTC_b392d.dir/build.make CMakeFiles/cmTC_b392d.dir/build
make[1]: Entering directory '/home/eyal/Desktop/Programming/SPL/System-Programming-Labratory/Assignment-3/Client/cmake-build-debug/CMakeFiles/CMakeTmp'
Building C object CMakeFiles/cmTC_b392d.dir/CheckSymbolExists.c.o
/usr/bin/cc    -o CMakeFiles/cmTC_b392d.dir/CheckSymbolExists.c.o   -c /home/eyal/Desktop/Programming/SPL/System-Programming-Labratory/Assignment-3/Client/cmake-build-debug/CMakeFiles/CMakeTmp/CheckSymbolExists.c
Linking C executable cmTC_b392d
/snap/clion/57/bin/cmake/linux/bin/cmake -E cmake_link_script CMakeFiles/cmTC_b392d.dir/link.txt --verbose=1
/usr/bin/cc      CMakeFiles/cmTC_b392d.dir/CheckSymbolExists.c.o  -o cmTC_b392d 
CMakeFiles/cmTC_b392d.dir/CheckSymbolExists.c.o: In function `main':
CheckSymbolExists.c:(.text+0x1b): undefined reference to `pthread_create'
collect2: error: ld returned 1 exit status
CMakeFiles/cmTC_b392d.dir/build.make:86: recipe for target 'cmTC_b392d' failed
make[1]: *** [cmTC_b392d] Error 1
make[1]: Leaving directory '/home/eyal/Desktop/Programming/SPL/System-Programming-Labratory/Assignment-3/Client/cmake-build-debug/CMakeFiles/CMakeTmp'
Makefile:121: recipe for target 'cmTC_b392d/fast' failed
make: *** [cmTC_b392d/fast] Error 2

File /home/eyal/Desktop/Programming/SPL/System-Programming-Labratory/Assignment-3/Client/cmake-build-debug/CMakeFiles/CMakeTmp/CheckSymbolExists.c:
/* */
#include <pthread.h>

int main(int argc, char** argv)
{
  (void)argv;
#ifndef pthread_create
  return ((int*)(&pthread_create))[argc];
#else
  (void)argc;
  return 0;
#endif
}

Determining if the function pthread_create exists in the pthreads failed with the following output:
Change Dir: /home/eyal/Desktop/Programming/SPL/System-Programming-Labratory/Assignment-3/Client/cmake-build-debug/CMakeFiles/CMakeTmp

Run Build Command:"/usr/bin/make" "cmTC_d4c32/fast"
/usr/bin/make -f CMakeFiles/cmTC_d4c32.dir/build.make CMakeFiles/cmTC_d4c32.dir/build
make[1]: Entering directory '/home/eyal/Desktop/Programming/SPL/System-Programming-Labratory/Assignment-3/Client/cmake-build-debug/CMakeFiles/CMakeTmp'
Building C object CMakeFiles/cmTC_d4c32.dir/CheckFunctionExists.c.o
/usr/bin/cc   -DCHECK_FUNCTION_EXISTS=pthread_create   -o CMakeFiles/cmTC_d4c32.dir/CheckFunctionExists.c.o   -c /snap/clion/57/bin/cmake/linux/share/cmake-3.13/Modules/CheckFunctionExists.c
Linking C executable cmTC_d4c32
/snap/clion/57/bin/cmake/linux/bin/cmake -E cmake_link_script CMakeFiles/cmTC_d4c32.dir/link.txt --verbose=1
/usr/bin/cc  -DCHECK_FUNCTION_EXISTS=pthread_create    CMakeFiles/cmTC_d4c32.dir/CheckFunctionExists.c.o  -o cmTC_d4c32 -lpthreads 
/usr/bin/ld: cannot find -lpthreads
collect2: error: ld returned 1 exit status
CMakeFiles/cmTC_d4c32.dir/build.make:86: recipe for target 'cmTC_d4c32' failed
make[1]: *** [cmTC_d4c32] Error 1
make[1]: Leaving directory '/home/eyal/Desktop/Programming/SPL/System-Programming-Labratory/Assignment-3/Client/cmake-build-debug/CMakeFiles/CMakeTmp'
Makefile:121: recipe for target 'cmTC_d4c32/fast' failed
make: *** [cmTC_d4c32/fast] Error 2


